<?xml version="1.0" encoding="UTF-8"?>
<testsuite name="soot.jimple.infoflow.android.test.xmlParser.XmlParserTest" time="0.065" tests="7" errors="3" skipped="0" failures="0">
  <properties>
[...]
</properties>
  <testcase name="emptyXmlTest" classname="soot.jimple.infoflow.android.test.xmlParser.XmlParserTest" time="0.022">
    <error message="Unexpected exception, expected&lt;java.lang.RuntimeException&gt; but was&lt;java.io.IOException&gt;" type="java.lang.Exception"><![CDATA[java.lang.Exception: Unexpected exception, expected<java.lang.RuntimeException> but was<java.io.IOException>
	at soot.jimple.infoflow.android.source.parsers.xml.XMLSourceSinkParser.fromFile(XMLSourceSinkParser.java:368)
	at soot.jimple.infoflow.android.source.parsers.xml.XMLSourceSinkParser.fromFile(XMLSourceSinkParser.java:362)
	at soot.jimple.infoflow.android.test.xmlParser.XmlParserTest.compareParserResults(XmlParserTest.java:36)
	at soot.jimple.infoflow.android.test.xmlParser.XmlParserTest.emptyXmlTest(XmlParserTest.java:63)
]]></error>
    <system-err><![CDATA[[main] INFO soot.jimple.infoflow.android.source.parsers.xml.XMLSourceSinkParser - Loading sources and sinks from testXmlParser/empty.xml...
org.xml.sax.SAXParseException; systemId: file:/C:/Users/arzt/Documents/Commercial%20Projects/siemens-cert-mobile-and-windows10-sharedRepo/Arbeitspaket-Ergebnisse/AP2-FlowDroidIntegration/soot-infoflow-android/testXmlParser/empty.xml; lineNumber: 1; columnNumber: 1; Premature end of file.
	at com.sun.org.apache.xerces.internal.util.ErrorHandlerWrapper.createSAXParseException(ErrorHandlerWrapper.java:203)
	at com.sun.org.apache.xerces.internal.util.ErrorHandlerWrapper.fatalError(ErrorHandlerWrapper.java:177)
	at com.sun.org.apache.xerces.internal.impl.XMLErrorReporter.reportError(XMLErrorReporter.java:400)
	at com.sun.org.apache.xerces.internal.impl.XMLErrorReporter.reportError(XMLErrorReporter.java:327)
	at com.sun.org.apache.xerces.internal.impl.XMLScanner.reportFatalError(XMLScanner.java:1472)
	at com.sun.org.apache.xerces.internal.impl.XMLDocumentScannerImpl$PrologDriver.next(XMLDocumentScannerImpl.java:1014)
	at com.sun.org.apache.xerces.internal.impl.XMLDocumentScannerImpl.next(XMLDocumentScannerImpl.java:602)
	at com.sun.org.apache.xerces.internal.impl.XMLNSDocumentScannerImpl.next(XMLNSDocumentScannerImpl.java:112)
	at com.sun.org.apache.xerces.internal.impl.XMLDocumentFragmentScannerImpl.scanDocument(XMLDocumentFragmentScannerImpl.java:505)
	at com.sun.org.apache.xerces.internal.parsers.XML11Configuration.parse(XML11Configuration.java:841)
	at com.sun.org.apache.xerces.internal.parsers.XML11Configuration.parse(XML11Configuration.java:770)
	at com.sun.org.apache.xerces.internal.jaxp.validation.StreamValidatorHelper.validate(StreamValidatorHelper.java:155)
	at com.sun.org.apache.xerces.internal.jaxp.validation.ValidatorImpl.validate(ValidatorImpl.java:116)
	at javax.xml.validation.Validator.validate(Validator.java:124)
	at soot.jimple.infoflow.android.source.parsers.xml.XMLSourceSinkParser.verifyXML(XMLSourceSinkParser.java:485)
	at soot.jimple.infoflow.android.source.parsers.xml.XMLSourceSinkParser.fromFile(XMLSourceSinkParser.java:367)
	at soot.jimple.infoflow.android.source.parsers.xml.XMLSourceSinkParser.fromFile(XMLSourceSinkParser.java:362)
	at soot.jimple.infoflow.android.test.xmlParser.XmlParserTest.compareParserResults(XmlParserTest.java:36)
	at soot.jimple.infoflow.android.test.xmlParser.XmlParserTest.emptyXmlTest(XmlParserTest.java:63)
	at sun.reflect.NativeMethodAccessorImpl.invoke0(Native Method)
	at sun.reflect.NativeMethodAccessorImpl.invoke(NativeMethodAccessorImpl.java:62)
	at sun.reflect.DelegatingMethodAccessorImpl.invoke(DelegatingMethodAccessorImpl.java:43)
	at java.lang.reflect.Method.invoke(Method.java:498)
	at org.junit.runners.model.FrameworkMethod$1.runReflectiveCall(FrameworkMethod.java:50)
	at org.junit.internal.runners.model.ReflectiveCallable.run(ReflectiveCallable.java:12)
	at org.junit.runners.model.FrameworkMethod.invokeExplosively(FrameworkMethod.java:47)
	at org.junit.internal.runners.statements.InvokeMethod.evaluate(InvokeMethod.java:17)
	at org.junit.internal.runners.statements.ExpectException.evaluate(ExpectException.java:19)
	at org.junit.runners.ParentRunner.runLeaf(ParentRunner.java:325)
	at org.junit.runners.BlockJUnit4ClassRunner.runChild(BlockJUnit4ClassRunner.java:78)
	at org.junit.runners.BlockJUnit4ClassRunner.runChild(BlockJUnit4ClassRunner.java:57)
	at org.junit.runners.ParentRunner$3.run(ParentRunner.java:290)
	at org.junit.runners.ParentRunner$1.schedule(ParentRunner.java:71)
	at org.junit.runners.ParentRunner.runChildren(ParentRunner.java:288)
	at org.junit.runners.ParentRunner.access$000(ParentRunner.java:58)
	at org.junit.runners.ParentRunner$2.evaluate(ParentRunner.java:268)
	at org.junit.runners.ParentRunner.run(ParentRunner.java:363)
	at org.apache.maven.surefire.junit4.JUnit4Provider.execute(JUnit4Provider.java:264)
	at org.apache.maven.surefire.junit4.JUnit4Provider.executeTestSet(JUnit4Provider.java:153)
	at org.apache.maven.surefire.junit4.JUnit4Provider.invoke(JUnit4Provider.java:124)
	at org.apache.maven.surefire.booter.ForkedBooter.invokeProviderInSameClassLoader(ForkedBooter.java:200)
	at org.apache.maven.surefire.booter.ForkedBooter.runSuitesInProcess(ForkedBooter.java:153)
	at org.apache.maven.surefire.booter.ForkedBooter.main(ForkedBooter.java:103)
]]></system-err>
  </testcase>
  <testcase name="emptyTxtTest" classname="soot.jimple.infoflow.android.test.xmlParser.XmlParserTest" time="0.009">
    <error message="Unexpected exception, expected&lt;java.lang.RuntimeException&gt; but was&lt;java.io.IOException&gt;" type="java.lang.Exception"><![CDATA[java.lang.Exception: Unexpected exception, expected<java.lang.RuntimeException> but was<java.io.IOException>
	at soot.jimple.infoflow.android.source.parsers.xml.XMLSourceSinkParser.fromFile(XMLSourceSinkParser.java:368)
	at soot.jimple.infoflow.android.source.parsers.xml.XMLSourceSinkParser.fromFile(XMLSourceSinkParser.java:362)
	at soot.jimple.infoflow.android.test.xmlParser.XmlParserTest.compareParserResults(XmlParserTest.java:36)
	at soot.jimple.infoflow.android.test.xmlParser.XmlParserTest.emptyTxtTest(XmlParserTest.java:86)
]]></error>
    <system-err><![CDATA[[main] INFO soot.jimple.infoflow.android.source.parsers.xml.XMLSourceSinkParser - Loading sources and sinks from testXmlParser/empty.txt...
org.xml.sax.SAXParseException; systemId: file:/C:/Users/arzt/Documents/Commercial%20Projects/siemens-cert-mobile-and-windows10-sharedRepo/Arbeitspaket-Ergebnisse/AP2-FlowDroidIntegration/soot-infoflow-android/testXmlParser/empty.txt; lineNumber: 1; columnNumber: 1; Premature end of file.
	at com.sun.org.apache.xerces.internal.util.ErrorHandlerWrapper.createSAXParseException(ErrorHandlerWrapper.java:203)
	at com.sun.org.apache.xerces.internal.util.ErrorHandlerWrapper.fatalError(ErrorHandlerWrapper.java:177)
	at com.sun.org.apache.xerces.internal.impl.XMLErrorReporter.reportError(XMLErrorReporter.java:400)
	at com.sun.org.apache.xerces.internal.impl.XMLErrorReporter.reportError(XMLErrorReporter.java:327)
	at com.sun.org.apache.xerces.internal.impl.XMLScanner.reportFatalError(XMLScanner.java:1472)
	at com.sun.org.apache.xerces.internal.impl.XMLDocumentScannerImpl$PrologDriver.next(XMLDocumentScannerImpl.java:1014)
	at com.sun.org.apache.xerces.internal.impl.XMLDocumentScannerImpl.next(XMLDocumentScannerImpl.java:602)
	at com.sun.org.apache.xerces.internal.impl.XMLNSDocumentScannerImpl.next(XMLNSDocumentScannerImpl.java:112)
	at com.sun.org.apache.xerces.internal.impl.XMLDocumentFragmentScannerImpl.scanDocument(XMLDocumentFragmentScannerImpl.java:505)
	at com.sun.org.apache.xerces.internal.parsers.XML11Configuration.parse(XML11Configuration.java:841)
	at com.sun.org.apache.xerces.internal.parsers.XML11Configuration.parse(XML11Configuration.java:770)
	at com.sun.org.apache.xerces.internal.jaxp.validation.StreamValidatorHelper.validate(StreamValidatorHelper.java:155)
	at com.sun.org.apache.xerces.internal.jaxp.validation.ValidatorImpl.validate(ValidatorImpl.java:116)
	at javax.xml.validation.Validator.validate(Validator.java:124)
	at soot.jimple.infoflow.android.source.parsers.xml.XMLSourceSinkParser.verifyXML(XMLSourceSinkParser.java:485)
	at soot.jimple.infoflow.android.source.parsers.xml.XMLSourceSinkParser.fromFile(XMLSourceSinkParser.java:367)
	at soot.jimple.infoflow.android.source.parsers.xml.XMLSourceSinkParser.fromFile(XMLSourceSinkParser.java:362)
	at soot.jimple.infoflow.android.test.xmlParser.XmlParserTest.compareParserResults(XmlParserTest.java:36)
	at soot.jimple.infoflow.android.test.xmlParser.XmlParserTest.emptyTxtTest(XmlParserTest.java:86)
	at sun.reflect.NativeMethodAccessorImpl.invoke0(Native Method)
	at sun.reflect.NativeMethodAccessorImpl.invoke(NativeMethodAccessorImpl.java:62)
	at sun.reflect.DelegatingMethodAccessorImpl.invoke(DelegatingMethodAccessorImpl.java:43)
	at java.lang.reflect.Method.invoke(Method.java:498)
	at org.junit.runners.model.FrameworkMethod$1.runReflectiveCall(FrameworkMethod.java:50)
	at org.junit.internal.runners.model.ReflectiveCallable.run(ReflectiveCallable.java:12)
	at org.junit.runners.model.FrameworkMethod.invokeExplosively(FrameworkMethod.java:47)
	at org.junit.internal.runners.statements.InvokeMethod.evaluate(InvokeMethod.java:17)
	at org.junit.internal.runners.statements.ExpectException.evaluate(ExpectException.java:19)
	at org.junit.runners.ParentRunner.runLeaf(ParentRunner.java:325)
	at org.junit.runners.BlockJUnit4ClassRunner.runChild(BlockJUnit4ClassRunner.java:78)
	at org.junit.runners.BlockJUnit4ClassRunner.runChild(BlockJUnit4ClassRunner.java:57)
	at org.junit.runners.ParentRunner$3.run(ParentRunner.java:290)
	at org.junit.runners.ParentRunner$1.schedule(ParentRunner.java:71)
	at org.junit.runners.ParentRunner.runChildren(ParentRunner.java:288)
	at org.junit.runners.ParentRunner.access$000(ParentRunner.java:58)
	at org.junit.runners.ParentRunner$2.evaluate(ParentRunner.java:268)
	at org.junit.runners.ParentRunner.run(ParentRunner.java:363)
	at org.apache.maven.surefire.junit4.JUnit4Provider.execute(JUnit4Provider.java:264)
	at org.apache.maven.surefire.junit4.JUnit4Provider.executeTestSet(JUnit4Provider.java:153)
	at org.apache.maven.surefire.junit4.JUnit4Provider.invoke(JUnit4Provider.java:124)
	at org.apache.maven.surefire.booter.ForkedBooter.invokeProviderInSameClassLoader(ForkedBooter.java:200)
	at org.apache.maven.surefire.booter.ForkedBooter.runSuitesInProcess(ForkedBooter.java:153)
	at org.apache.maven.surefire.booter.ForkedBooter.main(ForkedBooter.java:103)
]]></system-err>
  </testcase>
  <testcase name="verifyParserResultTest" classname="soot.jimple.infoflow.android.test.xmlParser.XmlParserTest" time="0.006"/>
  <testcase name="completeXmlTest" classname="soot.jimple.infoflow.android.test.xmlParser.XmlParserTest" time="0.007"/>
  <testcase name="notValidXmlTest" classname="soot.jimple.infoflow.android.test.xmlParser.XmlParserTest" time="0.009">
    <error message="Unexpected exception, expected&lt;java.lang.RuntimeException&gt; but was&lt;java.io.IOException&gt;" type="java.lang.Exception"><![CDATA[java.lang.Exception: Unexpected exception, expected<java.lang.RuntimeException> but was<java.io.IOException>
	at soot.jimple.infoflow.android.source.parsers.xml.XMLSourceSinkParser.fromFile(XMLSourceSinkParser.java:368)
	at soot.jimple.infoflow.android.source.parsers.xml.XMLSourceSinkParser.fromFile(XMLSourceSinkParser.java:362)
	at soot.jimple.infoflow.android.test.xmlParser.XmlParserTest.compareParserResults(XmlParserTest.java:36)
	at soot.jimple.infoflow.android.test.xmlParser.XmlParserTest.notValidXmlTest(XmlParserTest.java:122)
]]></error>
    <system-err><![CDATA[[main] INFO soot.jimple.infoflow.android.source.parsers.xml.XMLSourceSinkParser - Loading sources and sinks from testXmlParser/notValid.xml...
org.xml.sax.SAXParseException; systemId: file:/C:/Users/arzt/Documents/Commercial%20Projects/siemens-cert-mobile-and-windows10-sharedRepo/Arbeitspaket-Ergebnisse/AP2-FlowDroidIntegration/soot-infoflow-android/testXmlParser/notValid.xml; lineNumber: 16; columnNumber: 11; cvc-complex-type.2.4.b: The content of element 'base' is not complete. One of '{accessPath}' is expected.
	at com.sun.org.apache.xerces.internal.util.ErrorHandlerWrapper.createSAXParseException(ErrorHandlerWrapper.java:203)
	at com.sun.org.apache.xerces.internal.util.ErrorHandlerWrapper.error(ErrorHandlerWrapper.java:134)
	at com.sun.org.apache.xerces.internal.impl.XMLErrorReporter.reportError(XMLErrorReporter.java:396)
	at com.sun.org.apache.xerces.internal.impl.XMLErrorReporter.reportError(XMLErrorReporter.java:327)
	at com.sun.org.apache.xerces.internal.impl.XMLErrorReporter.reportError(XMLErrorReporter.java:284)
	at com.sun.org.apache.xerces.internal.impl.xs.XMLSchemaValidator$XSIErrorReporter.reportError(XMLSchemaValidator.java:452)
	at com.sun.org.apache.xerces.internal.impl.xs.XMLSchemaValidator.reportSchemaError(XMLSchemaValidator.java:3230)
	at com.sun.org.apache.xerces.internal.impl.xs.XMLSchemaValidator.elementLocallyValidComplexType(XMLSchemaValidator.java:3206)
	at com.sun.org.apache.xerces.internal.impl.xs.XMLSchemaValidator.elementLocallyValidType(XMLSchemaValidator.java:3153)
	at com.sun.org.apache.xerces.internal.impl.xs.XMLSchemaValidator.processElementContent(XMLSchemaValidator.java:3055)
	at com.sun.org.apache.xerces.internal.impl.xs.XMLSchemaValidator.handleEndElement(XMLSchemaValidator.java:2134)
	at com.sun.org.apache.xerces.internal.impl.xs.XMLSchemaValidator.endElement(XMLSchemaValidator.java:853)
	at com.sun.org.apache.xerces.internal.impl.XMLDocumentFragmentScannerImpl.scanEndElement(XMLDocumentFragmentScannerImpl.java:1782)
	at com.sun.org.apache.xerces.internal.impl.XMLDocumentFragmentScannerImpl$FragmentContentDriver.next(XMLDocumentFragmentScannerImpl.java:2967)
	at com.sun.org.apache.xerces.internal.impl.XMLDocumentScannerImpl.next(XMLDocumentScannerImpl.java:602)
	at com.sun.org.apache.xerces.internal.impl.XMLNSDocumentScannerImpl.next(XMLNSDocumentScannerImpl.java:112)
	at com.sun.org.apache.xerces.internal.impl.XMLDocumentFragmentScannerImpl.scanDocument(XMLDocumentFragmentScannerImpl.java:505)
	at com.sun.org.apache.xerces.internal.parsers.XML11Configuration.parse(XML11Configuration.java:841)
	at com.sun.org.apache.xerces.internal.parsers.XML11Configuration.parse(XML11Configuration.java:770)
	at com.sun.org.apache.xerces.internal.jaxp.validation.StreamValidatorHelper.validate(StreamValidatorHelper.java:155)
	at com.sun.org.apache.xerces.internal.jaxp.validation.ValidatorImpl.validate(ValidatorImpl.java:116)
	at javax.xml.validation.Validator.validate(Validator.java:124)
	at soot.jimple.infoflow.android.source.parsers.xml.XMLSourceSinkParser.verifyXML(XMLSourceSinkParser.java:485)
	at soot.jimple.infoflow.android.source.parsers.xml.XMLSourceSinkParser.fromFile(XMLSourceSinkParser.java:367)
	at soot.jimple.infoflow.android.source.parsers.xml.XMLSourceSinkParser.fromFile(XMLSourceSinkParser.java:362)
	at soot.jimple.infoflow.android.test.xmlParser.XmlParserTest.compareParserResults(XmlParserTest.java:36)
	at soot.jimple.infoflow.android.test.xmlParser.XmlParserTest.notValidXmlTest(XmlParserTest.java:122)
	at sun.reflect.NativeMethodAccessorImpl.invoke0(Native Method)
	at sun.reflect.NativeMethodAccessorImpl.invoke(NativeMethodAccessorImpl.java:62)
	at sun.reflect.DelegatingMethodAccessorImpl.invoke(DelegatingMethodAccessorImpl.java:43)
	at java.lang.reflect.Method.invoke(Method.java:498)
	at org.junit.runners.model.FrameworkMethod$1.runReflectiveCall(FrameworkMethod.java:50)
	at org.junit.internal.runners.model.ReflectiveCallable.run(ReflectiveCallable.java:12)
	at org.junit.runners.model.FrameworkMethod.invokeExplosively(FrameworkMethod.java:47)
	at org.junit.internal.runners.statements.InvokeMethod.evaluate(InvokeMethod.java:17)
	at org.junit.internal.runners.statements.ExpectException.evaluate(ExpectException.java:19)
	at org.junit.runners.ParentRunner.runLeaf(ParentRunner.java:325)
	at org.junit.runners.BlockJUnit4ClassRunner.runChild(BlockJUnit4ClassRunner.java:78)
	at org.junit.runners.BlockJUnit4ClassRunner.runChild(BlockJUnit4ClassRunner.java:57)
	at org.junit.runners.ParentRunner$3.run(ParentRunner.java:290)
	at org.junit.runners.ParentRunner$1.schedule(ParentRunner.java:71)
	at org.junit.runners.ParentRunner.runChildren(ParentRunner.java:288)
	at org.junit.runners.ParentRunner.access$000(ParentRunner.java:58)
	at org.junit.runners.ParentRunner$2.evaluate(ParentRunner.java:268)
	at org.junit.runners.ParentRunner.run(ParentRunner.java:363)
	at org.apache.maven.surefire.junit4.JUnit4Provider.execute(JUnit4Provider.java:264)
	at org.apache.maven.surefire.junit4.JUnit4Provider.executeTestSet(JUnit4Provider.java:153)
	at org.apache.maven.surefire.junit4.JUnit4Provider.invoke(JUnit4Provider.java:124)
	at org.apache.maven.surefire.booter.ForkedBooter.invokeProviderInSameClassLoader(ForkedBooter.java:200)
	at org.apache.maven.surefire.booter.ForkedBooter.runSuitesInProcess(ForkedBooter.java:153)
	at org.apache.maven.surefire.booter.ForkedBooter.main(ForkedBooter.java:103)
]]></system-err>
  </testcase>
  <testcase name="missingPartsXmlTest" classname="soot.jimple.infoflow.android.test.xmlParser.XmlParserTest" time="0.006"/>
  <testcase name="completeTxtTest" classname="soot.jimple.infoflow.android.test.xmlParser.XmlParserTest" time="0.006"/>
</testsuite>