<?xml version="1.0" encoding="UTF-8"?>
<testsuite name="soot.jimple.infoflow.android.test.xmlParser.SigToAndroidMethodTest" time="0" tests="3" errors="0" skipped="0" failures="0">
  <properties>
[...]
</properties>
  <testcase name="signaturTest" classname="soot.jimple.infoflow.android.test.xmlParser.SigToAndroidMethodTest" time="0"/>
  <testcase name="signatureTest2" classname="soot.jimple.infoflow.android.test.xmlParser.SigToAndroidMethodTest" time="0"/>
  <testcase name="switchedParameterTest" classname="soot.jimple.infoflow.android.test.xmlParser.SigToAndroidMethodTest" time="0"/>
</testsuite>